%!Adobe-FontList 1.20
%Locale:0x409

%BeginFont
Handler:DirectoryHandler
FontType:Type1
FontName:HelveticaNeueLTStd-Bd
FamilyName:Helvetica Neue LT Std
StyleName:75 Bold
FullName:Helvetica Neue LT Std 75 Bold
MenuName:HelveticaNeueLT Std
StyleBits:2
WritingScript:Roman
OutlineFileName:C:\Users\Rock\Documents\GitHub\BusinessCart\Brochure Design\Brochure_ERP\Document fonts\HelveticaNeueLTStd-Bd.otf
DataFormat:sfntData
UsesStandardEncoding:yes
isCFF:yes
hasSVG:no
VariableFontType:NonVariableFont
FileLength:29108
FileModTime:1550884827
WeightClass:700
WidthClass:5
AngleClass:0
DesignSize:120
NameArray:0,Mac,18,HelveticaNeueLT Std Bold
NameArray:0,Mac,4,Helvetica Neue LT Std 75 Bold
NameArray:0,Win,1,HelveticaNeueLT Std
NameArray:0,Win,16,Helvetica Neue LT Std
%EndFont

%BeginFont
Handler:DirectoryHandler
FontType:Type1
FontName:HelveticaNeueLTStd-Lt
FamilyName:Helvetica Neue LT Std
StyleName:45 Light
FullName:Helvetica Neue LT Std 45 Light
MenuName:HelveticaNeueLT Std Lt
StyleBits:0
WritingScript:Roman
OutlineFileName:C:\Users\Rock\Documents\GitHub\BusinessCart\Brochure Design\Brochure_ERP\Document fonts\HelveticaNeueLTStd-Lt_0.otf
DataFormat:sfntData
UsesStandardEncoding:yes
isCFF:yes
hasSVG:no
VariableFontType:NonVariableFont
FileLength:28980
FileModTime:1550884827
WeightClass:300
WidthClass:5
AngleClass:0
DesignSize:120
NameArray:0,Mac,18,HelveticaNeueLT Std Lt
NameArray:0,Mac,4,Helvetica Neue LT Std 45 Light
NameArray:0,Win,1,HelveticaNeueLT Std Lt
NameArray:0,Win,16,Helvetica Neue LT Std
%EndFont

%BeginFont
Handler:DirectoryHandler
FontType:Type1
FontName:HelveticaNeueLTStd-Md
FamilyName:Helvetica Neue LT Std
StyleName:65 Medium
FullName:Helvetica Neue LT Std 65 Medium
MenuName:HelveticaNeueLT Std Med
StyleBits:0
WritingScript:Roman
OutlineFileName:C:\Users\Rock\Documents\GitHub\BusinessCart\Brochure Design\Brochure_ERP\Document fonts\HelveticaNeueLTStd-Md_0.otf
DataFormat:sfntData
UsesStandardEncoding:yes
isCFF:yes
hasSVG:no
VariableFontType:NonVariableFont
FileLength:29148
FileModTime:1550884827
WeightClass:500
WidthClass:5
AngleClass:0
DesignSize:120
NameArray:0,Mac,18,HelveticaNeueLT Std Med
NameArray:0,Mac,4,Helvetica Neue LT Std 65 Medium
NameArray:0,Win,1,HelveticaNeueLT Std Med
NameArray:0,Win,16,Helvetica Neue LT Std
%EndFont

